#
# A fatal error has been detected by the Java Runtime Environment:
#
#  EXCEPTION_ACCESS_VIOLATION (0xc0000005) at pc=0x000001f68fbd1342, pid=11896, tid=6480
#
# JRE version: Java(TM) SE Runtime Environment (9.0+11) (build 9.0.1+11)
# Java VM: Java HotSpot(TM) 64-Bit Server VM (9.0.1+11, mixed mode, tiered, compressed oops, g1 gc, windows-amd64)
# Problematic frame:
# J 9627 c1 org.springframework.data.rest.core.mapping.RepositoryResourceMappings.isMapped(Lorg/springframework/data/mapping/PersistentProperty;)Z (30 bytes) @ 0x000001f68fbd1342 [0x000001f68fbd11c0+0x0000000000000182]
#
# No core dump will be written. Minidumps are not enabled by default on client versions of Windows
#
# If you would like to submit a bug report, please visit:
#   http://bugreport.java.com/bugreport/crash.jsp
#

---------------  S U M M A R Y ------------

Command Line: -XX:TieredStopAtLevel=1 -Xverify:none -Dspring.output.ansi.enabled=always -Dcom.sun.management.jmxremote -Dspring.jmx.enabled=true -Dspring.liveBeansView.mbeanDomain -Dspring.application.admin.enabled=true -javaagent:C:\Program Files\JetBrains\IntelliJ IDEA 2019.3.4\lib\idea_rt.jar=3353:C:\Program Files\JetBrains\IntelliJ IDEA 2019.3.4\bin -Dfile.encoding=UTF-8 mipn.pls.cinema.CinemaApplication

Host: Intel(R) Core(TM) i7-4720HQ CPU @ 2.60GHz, 8 cores, 7G,  Windows 10 , 64 bit Build 18362 (10.0.18362.329)
Time: Fri Mar 27 23:53:39 2020 Paris, Madrid elapsed time: 23465 seconds (0d 6h 31m 5s)

---------------  T H R E A D  ---------------

Current thread (0x000001f6aa729800):  JavaThread "http-nio-8080-exec-7" daemon [_thread_in_Java, id=6480, stack(0x0000004f11b00000,0x0000004f11c00000)]

Stack: [0x0000004f11b00000,0x0000004f11c00000],  sp=0x0000004f11bfc328,  free space=1008k
Native frames: (J=compiled Java code, j=interpreted, Vv=VM code, C=native code)
C  0x000001f68fbd1342


siginfo: EXCEPTION_ACCESS_VIOLATION (0xc0000005), reading address 0xffffffffffffffff


Register to memory mapping:

RIP=0x000001f68fbd1342 is at entry_point+386 in (nmethod*)0x000001f68fbd0f90
RAX=
[error occurred during error reporting (printing register info), id 0xc0000005]

Registers:
RAX=0x0000000087751538, RBX=0x0000000083612710, RCX=0x0000000000000000, RDX=0x0000000000000000
RSP=0x0000004f11bfc328, RBP=0x0000004f11bfcc88, RSI=0x00000000835a4550, RDI=0x0000000087751550
R8 =0x000000008330ade0, R9 =0x00000000835a4570, R10=0x00000000835a4570, R11=0x0000000000000220
R12=0x0000000000000000, R13=0x00000000051c5436, R14=0x0000004f11bfc4d0, R15=0x000001f6aa729800
RIP=0x000001f68fbd1342, EFLAGS=0x0000000000010246

Top of Stack: (sp=0x0000004f11bfc328)
0x0000004f11bfc328:   0000000087751550 00000000835a4690
0x0000004f11bfc338:   051c543600000016 0000004f11bfcc88
0x0000004f11bfc348:   0000000083609a80 000000008330ab48
0x0000004f11bfc358:   000000009e6d4a4a 0000000000000000
0x0000004f11bfc368:   0000000083364158 0000004f00000000
0x0000004f11bfc378:   0000000081ee4dd8 0000000081ee4dd8
0x0000004f11bfc388:   00000000824ecf58 00000000824ed840
0x0000004f11bfc398:   0000000082540c40 0000004f11bfcc88
0x0000004f11bfc3a8:   000001f68faf6b24 0000000000000000
0x0000004f11bfc3b8:   0000000087751528 0000004f11bfcc88
0x0000004f11bfc3c8:   000001f68fb727c4 0000000087751528
0x0000004f11bfc3d8:   000000008330ab78 0000000083364158
0x0000004f11bfc3e8:   000001f68fbe1dd9 0000004f11bfcc88
0x0000004f11bfc3f8:   00000000832dae48 00000001001f9040
0x0000004f11bfc408:   0000000000000008 00000000835a41f8
0x0000004f11bfc418:   00000000835a4570 000000008330ade0 

Instructions: (pc=0x000001f68fbd1342)
0x000001f68fbd1322:   97 40 03 00 00 83 fa 00 0f 85 34 02 00 00 4d 8b
0x000001f68fbd1332:   d1 44 89 50 0c 48 8b d0 49 33 d1 48 c1 ea 9c 57
0x000001f68fbd1342:   a1 5a 88 1e a3 94 8a 0f 1e a5 0f be 8f 40 03 00
0x000001f68fbd1352:   00 41 83 f9 00 0f 85 3a 02 00 00 4d 8b d0 44 89 




---------------  P R O C E S S  ---------------

Java Threads: ( => current thread )
  0x000001f6aa736000 JavaThread "DestroyJavaVM" [_thread_blocked, id=260, stack(0x0000004f0e200000,0x0000004f0e300000)]
  0x000001f6aa735000 JavaThread "http-nio-8080-Acceptor" daemon [_thread_in_native, id=13132, stack(0x0000004f12000000,0x0000004f12100000)]
  0x000001f6aa729000 JavaThread "http-nio-8080-ClientPoller" daemon [_thread_in_native, id=4000, stack(0x0000004f11f00000,0x0000004f12000000)]
  0x000001f6aa72f800 JavaThread "http-nio-8080-exec-10" daemon [_thread_blocked, id=2716, stack(0x0000004f11e00000,0x0000004f11f00000)]
  0x000001f6aa72f000 JavaThread "http-nio-8080-exec-9" daemon [_thread_blocked, id=9748, stack(0x0000004f11d00000,0x0000004f11e00000)]
  0x000001f6aa72d800 JavaThread "http-nio-8080-exec-8" daemon [_thread_blocked, id=7848, stack(0x0000004f11c00000,0x0000004f11d00000)]
=>0x000001f6aa729800 JavaThread "http-nio-8080-exec-7" daemon [_thread_in_Java, id=6480, stack(0x0000004f11b00000,0x0000004f11c00000)]
  0x000001f6aa72c800 JavaThread "http-nio-8080-exec-6" daemon [_thread_blocked, id=8172, stack(0x0000004f11a00000,0x0000004f11b00000)]
  0x000001f6aa72e000 JavaThread "http-nio-8080-exec-5" daemon [_thread_blocked, id=12348, stack(0x0000004f11900000,0x0000004f11a00000)]
  0x000001f6aa72b000 JavaThread "http-nio-8080-exec-4" daemon [_thread_blocked, id=11292, stack(0x0000004f11800000,0x0000004f11900000)]
  0x000001f6aa72c000 JavaThread "http-nio-8080-exec-3" daemon [_thread_blocked, id=8336, stack(0x0000004f11700000,0x0000004f11800000)]
  0x000001f6aa72a800 JavaThread "http-nio-8080-exec-2" daemon [_thread_blocked, id=9856, stack(0x0000004f11600000,0x0000004f11700000)]
  0x000001f6a6af2000 JavaThread "http-nio-8080-exec-1" daemon [_thread_blocked, id=8284, stack(0x0000004f11500000,0x0000004f11600000)]
  0x000001f6a6af1000 JavaThread "http-nio-8080-BlockPoller" daemon [_thread_in_native, id=7940, stack(0x0000004f11400000,0x0000004f11500000)]
  0x000001f6a6af4000 JavaThread "File Watcher" daemon [_thread_blocked, id=6436, stack(0x0000004f11200000,0x0000004f11300000)]
  0x000001f6a6af0800 JavaThread "Live Reload Server" daemon [_thread_in_native, id=3504, stack(0x0000004f11300000,0x0000004f11400000)]
  0x000001f6a6af3800 JavaThread "HikariPool-1 housekeeper" daemon [_thread_blocked, id=8940, stack(0x0000004f11000000,0x0000004f11100000)]
  0x000001f6a6af7000 JavaThread "mysql-cj-abandoned-connection-cleanup" daemon [_thread_blocked, id=3936, stack(0x0000004f10e00000,0x0000004f10f00000)]
  0x000001f6a6af2800 JavaThread "container-0" [_thread_blocked, id=5208, stack(0x0000004f10d00000,0x0000004f10e00000)]
  0x000001f6a6af6800 JavaThread "Catalina-utility-2" [_thread_blocked, id=5516, stack(0x0000004f10c00000,0x0000004f10d00000)]
  0x000001f6a6af5800 JavaThread "Catalina-utility-1" [_thread_blocked, id=7180, stack(0x0000004f10b00000,0x0000004f10c00000)]
  0x000001f6a6ff8800 JavaThread "RMI Scheduler(0)" daemon [_thread_blocked, id=7420, stack(0x0000004f10700000,0x0000004f10800000)]
  0x000001f6a6db6000 JavaThread "RMI TCP Accept-0" daemon [_thread_in_native, id=8804, stack(0x0000004f10400000,0x0000004f10500000)]
  0x000001f6a6a1f000 JavaThread "Service Thread" daemon [_thread_blocked, id=11028, stack(0x0000004f10300000,0x0000004f10400000)]
  0x000001f6a6a1e000 JavaThread "Monitor Ctrl-Break" daemon [_thread_in_native, id=5228, stack(0x0000004f10200000,0x0000004f10300000)]
  0x000001f6a6548800 JavaThread "Common-Cleaner" daemon [_thread_blocked, id=3116, stack(0x0000004f10100000,0x0000004f10200000)]
  0x000001f6a629c000 JavaThread "Sweeper thread" daemon [_thread_blocked, id=7012, stack(0x0000004f10000000,0x0000004f10100000)]
  0x000001f6a6288000 JavaThread "C1 CompilerThread3" daemon [_thread_blocked, id=8016, stack(0x0000004f0ff00000,0x0000004f10000000)]
  0x000001f6a6283800 JavaThread "C1 CompilerThread2" daemon [_thread_blocked, id=2128, stack(0x0000004f0fe00000,0x0000004f0ff00000)]
  0x000001f6a6278800 JavaThread "C1 CompilerThread1" daemon [_thread_blocked, id=9380, stack(0x0000004f0fd00000,0x0000004f0fe00000)]
  0x000001f6a6278000 JavaThread "C1 CompilerThread0" daemon [_thread_blocked, id=11356, stack(0x0000004f0fc00000,0x0000004f0fd00000)]
  0x000001f6a6273000 JavaThread "Attach Listener" daemon [_thread_blocked, id=11624, stack(0x0000004f0fb00000,0x0000004f0fc00000)]
  0x000001f6a6272800 JavaThread "Signal Dispatcher" daemon [_thread_blocked, id=5536, stack(0x0000004f0fa00000,0x0000004f0fb00000)]
  0x000001f6a6225800 JavaThread "Finalizer" daemon [_thread_blocked, id=5152, stack(0x0000004f0f900000,0x0000004f0fa00000)]
  0x000001f6a6214800 JavaThread "Reference Handler" daemon [_thread_blocked, id=12152, stack(0x0000004f0f800000,0x0000004f0f900000)]

Other Threads:
  0x000001f6a620f000 VMThread "VM Thread" [stack: 0x0000004f0f700000,0x0000004f0f800000] [id=9480]
  0x000001f6a6de8800 WatcherThread [stack: 0x0000004f10500000,0x0000004f10600000] [id=6168]
  0x000001f6825ad800 GCTaskThread "GC Thread#0" [stack: 0x0000004f0e300000,0x0000004f0e400000] [id=13124]
  0x000001f6825af000 GCTaskThread "GC Thread#1" [stack: 0x0000004f0e400000,0x0000004f0e500000] [id=9960]
  0x000001f6825b1800 GCTaskThread "GC Thread#2" [stack: 0x0000004f0e500000,0x0000004f0e600000] [id=10568]
  0x000001f6825b5000 GCTaskThread "GC Thread#3" [stack: 0x0000004f0e600000,0x0000004f0e700000] [id=3096]
  0x000001f6825bc000 GCTaskThread "GC Thread#4" [stack: 0x0000004f0e700000,0x0000004f0e800000] [id=11524]
  0x000001f6825c0000 GCTaskThread "GC Thread#5" [stack: 0x0000004f0e800000,0x0000004f0e900000] [id=2596]
  0x000001f6825c3000 GCTaskThread "GC Thread#6" [stack: 0x0000004f0e900000,0x0000004f0ea00000] [id=1388]
  0x000001f6825c5800 GCTaskThread "GC Thread#7" [stack: 0x0000004f0ea00000,0x0000004f0eb00000] [id=6780]
  0x000001f682610000 ConcurrentGCThread "G1 Main Marker" [stack: 0x0000004f0f400000,0x0000004f0f500000] [id=8888]
  0x000001f682610800 ConcurrentGCThread "G1 Marker#0" [stack: 0x0000004f0f500000,0x0000004f0f600000] [id=1524]
  0x000001f682611800 ConcurrentGCThread "G1 Marker#1" [stack: 0x0000004f0f600000,0x0000004f0f700000] [id=5840]
  0x000001f6825e0000 ConcurrentGCThread "G1 Refine#0" [stack: 0x0000004f0f200000,0x0000004f0f300000] [id=2088]
  0x000001f6825de000 ConcurrentGCThread "G1 Refine#1" [stack: 0x0000004f0f100000,0x0000004f0f200000] [id=4348]
  0x000001f6825dd800 ConcurrentGCThread "G1 Refine#2" [stack: 0x0000004f0f000000,0x0000004f0f100000] [id=11108]
  0x000001f6825dc800 ConcurrentGCThread "G1 Refine#3" [stack: 0x0000004f0ef00000,0x0000004f0f000000] [id=12528]
  0x000001f6825d9800 ConcurrentGCThread "G1 Refine#4" [stack: 0x0000004f0ee00000,0x0000004f0ef00000] [id=10000]
  0x000001f6825d5800 ConcurrentGCThread "G1 Refine#5" [stack: 0x0000004f0ed00000,0x0000004f0ee00000] [id=7816]
  0x000001f6825c8800 ConcurrentGCThread "G1 Refine#6" [stack: 0x0000004f0ec00000,0x0000004f0ed00000] [id=3884]
  0x000001f6825c7800 ConcurrentGCThread "G1 Refine#7" [stack: 0x0000004f0eb00000,0x0000004f0ec00000] [id=4176]
  0x000001f6825e1000 ConcurrentGCThread "G1 Young RemSet Sampling" [stack: 0x0000004f0f300000,0x0000004f0f400000] [id=5280]

Threads with active compile tasks:

VM state:not at safepoint (normal execution)

VM Mutex/Monitor currently owned by a thread: None

Heap address: 0x0000000081a00000, size: 2022 MB, Compressed Oops mode: 32-bit
Narrow klass base: 0x0000000000000000, Narrow klass shift: 3
Compressed class space size: 1073741824 Address: 0x0000000100000000

Heap:
 garbage-first heap   total 131072K, used 85088K [0x0000000081a00000, 0x0000000081b00400, 0x0000000100000000)
  region size 1024K, 38 young (38912K), 3 survivors (3072K)
 Metaspace       used 63491K, capacity 68668K, committed 68864K, reserved 1107968K
  class space    used 8574K, capacity 9447K, committed 9472K, reserved 1048576K
Heap Regions: E=young(eden), S=young(survivor), O=old, HS=humongous(starts), HC=humongous(continues), CS=collection set, F=free, A=archive, TS=gc time stamp, AC=allocation context, TAMS=top-at-mark-start (previous, next)
|   0|0x0000000081a00000, 0x0000000081b00000, 0x0000000081b00000|100%|HS|  |TS  0|AC  0|TAMS 0x0000000081b00000, 0x0000000081b00000|
|   1|0x0000000081b00000, 0x0000000081c00000, 0x0000000081c00000|100%| O|  |TS  0|AC  0|TAMS 0x0000000081c00000, 0x0000000081c00000|
|   2|0x0000000081c00000, 0x0000000081d00000, 0x0000000081d00000|100%| O|  |TS  0|AC  0|TAMS 0x0000000081d00000, 0x0000000081d00000|
|   3|0x0000000081d00000, 0x0000000081e00000, 0x0000000081e00000|100%| O|  |TS  0|AC  0|TAMS 0x0000000081e00000, 0x0000000081e00000|
|   4|0x0000000081e00000, 0x0000000081f00000, 0x0000000081f00000|100%| O|  |TS  0|AC  0|TAMS 0x0000000081f00000, 0x0000000081f00000|
|   5|0x0000000081f00000, 0x0000000082000000, 0x0000000082000000|100%| O|  |TS  0|AC  0|TAMS 0x0000000082000000, 0x0000000082000000|
|   6|0x0000000082000000, 0x0000000082100000, 0x0000000082100000|100%| O|  |TS  0|AC  0|TAMS 0x0000000082100000, 0x0000000082100000|
|   7|0x0000000082100000, 0x0000000082200000, 0x0000000082200000|100%| O|  |TS  0|AC  0|TAMS 0x0000000082200000, 0x0000000082200000|
|   8|0x0000000082200000, 0x0000000082300000, 0x0000000082300000|100%| O|  |TS  0|AC  0|TAMS 0x0000000082300000, 0x0000000082300000|
|   9|0x0000000082300000, 0x0000000082400000, 0x0000000082400000|100%| O|  |TS  0|AC  0|TAMS 0x0000000082400000, 0x0000000082400000|
|  10|0x0000000082400000, 0x0000000082500000, 0x0000000082500000|100%| O|  |TS  0|AC  0|TAMS 0x0000000082500000, 0x0000000082500000|
|  11|0x0000000082500000, 0x0000000082600000, 0x0000000082600000|100%| O|  |TS  0|AC  0|TAMS 0x0000000082600000, 0x0000000082600000|
|  12|0x0000000082600000, 0x0000000082700000, 0x0000000082700000|100%| O|  |TS  0|AC  0|TAMS 0x0000000082700000, 0x0000000082700000|
|  13|0x0000000082700000, 0x0000000082800000, 0x0000000082800000|100%| O|  |TS  0|AC  0|TAMS 0x0000000082800000, 0x0000000082800000|
|  14|0x0000000082800000, 0x0000000082900000, 0x0000000082900000|100%| O|  |TS  0|AC  0|TAMS 0x0000000082900000, 0x0000000082900000|
|  15|0x0000000082900000, 0x0000000082a00000, 0x0000000082a00000|100%| O|  |TS  0|AC  0|TAMS 0x0000000082a00000, 0x0000000082a00000|
|  16|0x0000000082a00000, 0x0000000082b00000, 0x0000000082b00000|100%| O|  |TS  0|AC  0|TAMS 0x0000000082b00000, 0x0000000082b00000|
|  17|0x0000000082b00000, 0x0000000082c00000, 0x0000000082c00000|100%| O|  |TS  0|AC  0|TAMS 0x0000000082c00000, 0x0000000082c00000|
|  18|0x0000000082c00000, 0x0000000082d00000, 0x0000000082d00000|100%| O|  |TS  0|AC  0|TAMS 0x0000000082d00000, 0x0000000082d00000|
|  19|0x0000000082d00000, 0x0000000082e00000, 0x0000000082e00000|100%| O|  |TS  0|AC  0|TAMS 0x0000000082e00000, 0x0000000082e00000|
|  20|0x0000000082e00000, 0x0000000082f00000, 0x0000000082f00000|100%| O|  |TS  0|AC  0|TAMS 0x0000000082f00000, 0x0000000082f00000|
|  21|0x0000000082f00000, 0x0000000083000000, 0x0000000083000000|100%| O|  |TS  0|AC  0|TAMS 0x0000000083000000, 0x0000000083000000|
|  22|0x0000000083000000, 0x0000000083100000, 0x0000000083100000|100%| O|  |TS  0|AC  0|TAMS 0x0000000083100000, 0x0000000083100000|
|  23|0x0000000083100000, 0x0000000083200000, 0x0000000083200000|100%| O|  |TS  0|AC  0|TAMS 0x0000000083200000, 0x0000000083200000|
|  24|0x0000000083200000, 0x0000000083300000, 0x0000000083300000|100%| O|  |TS  0|AC  0|TAMS 0x0000000083300000, 0x0000000083300000|
|  25|0x0000000083300000, 0x0000000083400000, 0x0000000083400000|100%| O|  |TS  0|AC  0|TAMS 0x0000000083400000, 0x0000000083400000|
|  26|0x0000000083400000, 0x0000000083500000, 0x0000000083500000|100%| O|  |TS  0|AC  0|TAMS 0x0000000083500000, 0x0000000083500000|
|  27|0x0000000083500000, 0x0000000083600000, 0x0000000083600000|100%| O|  |TS  0|AC  0|TAMS 0x0000000083600000, 0x0000000083600000|
|  28|0x0000000083600000, 0x0000000083700000, 0x0000000083700000|100%| O|  |TS  0|AC  0|TAMS 0x0000000083700000, 0x0000000083700000|
|  29|0x0000000083700000, 0x0000000083800000, 0x0000000083800000|100%| O|  |TS  3|AC  0|TAMS 0x0000000083734000, 0x0000000083734000|
|  30|0x0000000083800000, 0x0000000083900000, 0x0000000083900000|100%| O|  |TS  3|AC  0|TAMS 0x0000000083800000, 0x0000000083800000|
|  31|0x0000000083900000, 0x0000000083a00000, 0x0000000083a00000|100%| O|  |TS  3|AC  0|TAMS 0x0000000083900000, 0x0000000083900000|
|  32|0x0000000083a00000, 0x0000000083b00000, 0x0000000083b00000|100%| O|  |TS  3|AC  0|TAMS 0x0000000083a00000, 0x0000000083a00000|
|  33|0x0000000083b00000, 0x0000000083c00000, 0x0000000083c00000|100%| O|  |TS  9|AC  0|TAMS 0x0000000083b00000, 0x0000000083b00000|
|  34|0x0000000083c00000, 0x0000000083d00000, 0x0000000083d00000|100%| O|  |TS  9|AC  0|TAMS 0x0000000083c00000, 0x0000000083c00000|
|  35|0x0000000083d00000, 0x0000000083e00000, 0x0000000083e00000|100%| O|  |TS 11|AC  0|TAMS 0x0000000083d00000, 0x0000000083d00000|
|  36|0x0000000083e00000, 0x0000000083f00000, 0x0000000083f00000|100%|HS|  |TS  0|AC  0|TAMS 0x0000000083e00000, 0x0000000083e00000|
|  37|0x0000000083f00000, 0x0000000084000000, 0x0000000084000000|100%| O|  |TS 11|AC  0|TAMS 0x0000000083f00000, 0x0000000083f00000|
|  38|0x0000000084000000, 0x0000000084100000, 0x0000000084100000|100%| O|  |TS 13|AC  0|TAMS 0x0000000084000000, 0x0000000084000000|
|  39|0x0000000084100000, 0x0000000084200000, 0x0000000084200000|100%| O|  |TS 13|AC  0|TAMS 0x0000000084100000, 0x0000000084100000|
|  40|0x0000000084200000, 0x0000000084300000, 0x0000000084300000|100%| O|  |TS 15|AC  0|TAMS 0x0000000084200000, 0x0000000084200000|
|  41|0x0000000084300000, 0x0000000084400000, 0x0000000084400000|100%| O|  |TS 15|AC  0|TAMS 0x0000000084300000, 0x0000000084300000|
|  42|0x0000000084400000, 0x0000000084500000, 0x0000000084500000|100%| O|  |TS 17|AC  0|TAMS 0x0000000084400000, 0x0000000084400000|
|  43|0x0000000084500000, 0x0000000084600000, 0x0000000084600000|100%| O|  |TS 17|AC  0|TAMS 0x0000000084500000, 0x0000000084500000|
|  44|0x0000000084600000, 0x0000000084700000, 0x0000000084700000|100%| O|  |TS 19|AC  0|TAMS 0x0000000084600000, 0x0000000084600000|
|  45|0x0000000084700000, 0x0000000084800000, 0x0000000084800000|100%| O|  |TS 19|AC  0|TAMS 0x0000000084700000, 0x0000000084700000|
|  46|0x0000000084800000, 0x0000000084818000, 0x0000000084900000|  9%| O|  |TS 27|AC  0|TAMS 0x0000000084800000, 0x0000000084800000|
|  47|0x0000000084900000, 0x0000000084900000, 0x0000000084a00000|  0%| F|  |TS  3|AC  0|TAMS 0x0000000084900000, 0x0000000084900000|
|  48|0x0000000084a00000, 0x0000000084a00000, 0x0000000084b00000|  0%| F|  |TS 11|AC  0|TAMS 0x0000000084a00000, 0x0000000084a00000|
|  49|0x0000000084b00000, 0x0000000084b00000, 0x0000000084c00000|  0%| F|  |TS 11|AC  0|TAMS 0x0000000084b00000, 0x0000000084b00000|
|  50|0x0000000084c00000, 0x0000000084c00000, 0x0000000084d00000|  0%| F|  |TS  9|AC  0|TAMS 0x0000000084c00000, 0x0000000084c00000|
|  51|0x0000000084d00000, 0x0000000084d00000, 0x0000000084e00000|  0%| F|  |TS  9|AC  0|TAMS 0x0000000084d00000, 0x0000000084d00000|
|  52|0x0000000084e00000, 0x0000000084e00000, 0x0000000084f00000|  0%| F|  |TS 15|AC  0|TAMS 0x0000000084e00000, 0x0000000084e00000|
|  53|0x0000000084f00000, 0x0000000084f00000, 0x0000000085000000|  0%| F|  |TS 15|AC  0|TAMS 0x0000000084f00000, 0x0000000084f00000|
|  54|0x0000000085000000, 0x0000000085000000, 0x0000000085100000|  0%| F|  |TS 15|AC  0|TAMS 0x0000000085000000, 0x0000000085000000|
|  55|0x0000000085100000, 0x0000000085100000, 0x0000000085200000|  0%| F|  |TS 15|AC  0|TAMS 0x0000000085100000, 0x0000000085100000|
|  56|0x0000000085200000, 0x0000000085200000, 0x0000000085300000|  0%| F|  |TS 15|AC  0|TAMS 0x0000000085200000, 0x0000000085200000|
|  57|0x0000000085300000, 0x0000000085300000, 0x0000000085400000|  0%| F|  |TS 15|AC  0|TAMS 0x0000000085300000, 0x0000000085300000|
|  58|0x0000000085400000, 0x0000000085400000, 0x0000000085500000|  0%| F|  |TS 19|AC  0|TAMS 0x0000000085400000, 0x0000000085400000|
|  59|0x0000000085500000, 0x0000000085500000, 0x0000000085600000|  0%| F|  |TS 19|AC  0|TAMS 0x0000000085500000, 0x0000000085500000|
|  60|0x0000000085600000, 0x0000000085600000, 0x0000000085700000|  0%| F|  |TS 17|AC  0|TAMS 0x0000000085600000, 0x0000000085600000|
|  61|0x0000000085700000, 0x0000000085700000, 0x0000000085800000|  0%| F|  |TS 17|AC  0|TAMS 0x0000000085700000, 0x0000000085700000|
|  62|0x0000000085800000, 0x0000000085800000, 0x0000000085900000|  0%| F|  |TS 27|AC  0|TAMS 0x0000000085800000, 0x0000000085800000|
|  63|0x0000000085900000, 0x0000000085a00000, 0x0000000085a00000|100%| S|CS|TS 27|AC  0|TAMS 0x0000000085900000, 0x0000000085900000|
|  64|0x0000000085a00000, 0x0000000085a00000, 0x0000000085b00000|  0%| F|  |TS 27|AC  0|TAMS 0x0000000085a00000, 0x0000000085a00000|
|  65|0x0000000085b00000, 0x0000000085b00000, 0x0000000085c00000|  0%| F|  |TS 27|AC  0|TAMS 0x0000000085b00000, 0x0000000085b00000|
|  66|0x0000000085c00000, 0x0000000085d00000, 0x0000000085d00000|100%| S|CS|TS 27|AC  0|TAMS 0x0000000085c00000, 0x0000000085c00000|
|  67|0x0000000085d00000, 0x0000000085e00000, 0x0000000085e00000|100%| S|CS|TS 27|AC  0|TAMS 0x0000000085d00000, 0x0000000085d00000|
|  68|0x0000000085e00000, 0x0000000085e00000, 0x0000000085f00000|  0%| F|  |TS 27|AC  0|TAMS 0x0000000085e00000, 0x0000000085e00000|
|  69|0x0000000085f00000, 0x0000000085f00000, 0x0000000086000000|  0%| F|  |TS 27|AC  0|TAMS 0x0000000085f00000, 0x0000000085f00000|
|  70|0x0000000086000000, 0x0000000086000000, 0x0000000086100000|  0%| F|  |TS 27|AC  0|TAMS 0x0000000086000000, 0x0000000086000000|
|  71|0x0000000086100000, 0x0000000086100000, 0x0000000086200000|  0%| F|  |TS 27|AC  0|TAMS 0x0000000086100000, 0x0000000086100000|
|  72|0x0000000086200000, 0x0000000086200000, 0x0000000086300000|  0%| F|  |TS 27|AC  0|TAMS 0x0000000086200000, 0x0000000086200000|
|  73|0x0000000086300000, 0x0000000086300000, 0x0000000086400000|  0%| F|  |TS 27|AC  0|TAMS 0x0000000086300000, 0x0000000086300000|
|  74|0x0000000086400000, 0x0000000086400000, 0x0000000086500000|  0%| F|  |TS 27|AC  0|TAMS 0x0000000086400000, 0x0000000086400000|
|  75|0x0000000086500000, 0x0000000086500000, 0x0000000086600000|  0%| F|  |TS 27|AC  0|TAMS 0x0000000086500000, 0x0000000086500000|
|  76|0x0000000086600000, 0x0000000086600000, 0x0000000086700000|  0%| F|  |TS 27|AC  0|TAMS 0x0000000086600000, 0x0000000086600000|
|  77|0x0000000086700000, 0x0000000086700000, 0x0000000086800000|  0%| F|  |TS 27|AC  0|TAMS 0x0000000086700000, 0x0000000086700000|
|  78|0x0000000086800000, 0x0000000086800000, 0x0000000086900000|  0%| F|  |TS 27|AC  0|TAMS 0x0000000086800000, 0x0000000086800000|
|  79|0x0000000086900000, 0x0000000086900000, 0x0000000086a00000|  0%| F|  |TS 27|AC  0|TAMS 0x0000000086900000, 0x0000000086900000|
|  80|0x0000000086a00000, 0x0000000086a00000, 0x0000000086b00000|  0%| F|  |TS 27|AC  0|TAMS 0x0000000086a00000, 0x0000000086a00000|
|  81|0x0000000086b00000, 0x0000000086b00000, 0x0000000086c00000|  0%| F|  |TS 27|AC  0|TAMS 0x0000000086b00000, 0x0000000086b00000|
|  82|0x0000000086c00000, 0x0000000086c00000, 0x0000000086d00000|  0%| F|  |TS 27|AC  0|TAMS 0x0000000086c00000, 0x0000000086c00000|
|  83|0x0000000086d00000, 0x0000000086d00000, 0x0000000086e00000|  0%| F|  |TS 27|AC  0|TAMS 0x0000000086d00000, 0x0000000086d00000|
|  84|0x0000000086e00000, 0x0000000086e00000, 0x0000000086f00000|  0%| F|  |TS 27|AC  0|TAMS 0x0000000086e00000, 0x0000000086e00000|
|  85|0x0000000086f00000, 0x0000000086f00000, 0x0000000087000000|  0%| F|  |TS 27|AC  0|TAMS 0x0000000086f00000, 0x0000000086f00000|
|  86|0x0000000087000000, 0x0000000087000000, 0x0000000087100000|  0%| F|  |TS 27|AC  0|TAMS 0x0000000087000000, 0x0000000087000000|
|  87|0x0000000087100000, 0x0000000087100000, 0x0000000087200000|  0%| F|  |TS 27|AC  0|TAMS 0x0000000087100000, 0x0000000087100000|
|  88|0x0000000087200000, 0x0000000087200000, 0x0000000087300000|  0%| F|  |TS 27|AC  0|TAMS 0x0000000087200000, 0x0000000087200000|
|  89|0x0000000087300000, 0x0000000087300000, 0x0000000087400000|  0%| F|  |TS 27|AC  0|TAMS 0x0000000087300000, 0x0000000087300000|
|  90|0x0000000087400000, 0x0000000087400000, 0x0000000087500000|  0%| F|  |TS 27|AC  0|TAMS 0x0000000087400000, 0x0000000087400000|
|  91|0x0000000087500000, 0x0000000087500000, 0x0000000087600000|  0%| F|  |TS 27|AC  0|TAMS 0x0000000087500000, 0x0000000087500000|
|  92|0x0000000087600000, 0x0000000087600000, 0x0000000087700000|  0%| F|  |TS 27|AC  0|TAMS 0x0000000087600000, 0x0000000087600000|
|  93|0x0000000087700000, 0x0000000087757790, 0x0000000087800000| 34%| E|  |TS 27|AC  0|TAMS 0x0000000087700000, 0x0000000087700000|
|  94|0x0000000087800000, 0x0000000087900000, 0x0000000087900000|100%| E|CS|TS 27|AC  0|TAMS 0x0000000087800000, 0x0000000087800000|
|  95|0x0000000087900000, 0x0000000087a00000, 0x0000000087a00000|100%| E|CS|TS 27|AC  0|TAMS 0x0000000087900000, 0x0000000087900000|
|  96|0x0000000087a00000, 0x0000000087b00000, 0x0000000087b00000|100%| E|CS|TS 27|AC  0|TAMS 0x0000000087a00000, 0x0000000087a00000|
|  97|0x0000000087b00000, 0x0000000087c00000, 0x0000000087c00000|100%| E|CS|TS 27|AC  0|TAMS 0x0000000087b00000, 0x0000000087b00000|
|  98|0x0000000087c00000, 0x0000000087d00000, 0x0000000087d00000|100%| E|CS|TS 27|AC  0|TAMS 0x0000000087c00000, 0x0000000087c00000|
|  99|0x0000000087d00000, 0x0000000087e00000, 0x0000000087e00000|100%| E|CS|TS 27|AC  0|TAMS 0x0000000087d00000, 0x0000000087d00000|
| 100|0x0000000087e00000, 0x0000000087f00000, 0x0000000087f00000|100%| E|CS|TS 27|AC  0|TAMS 0x0000000087e00000, 0x0000000087e00000|
| 101|0x0000000087f00000, 0x0000000088000000, 0x0000000088000000|100%| E|CS|TS 27|AC  0|TAMS 0x0000000087f00000, 0x0000000087f00000|
| 102|0x0000000088000000, 0x0000000088100000, 0x0000000088100000|100%| E|CS|TS 27|AC  0|TAMS 0x0000000088000000, 0x0000000088000000|
| 103|0x0000000088100000, 0x0000000088200000, 0x0000000088200000|100%| E|CS|TS 27|AC  0|TAMS 0x0000000088100000, 0x0000000088100000|
| 104|0x0000000088200000, 0x0000000088300000, 0x0000000088300000|100%| E|CS|TS 27|AC  0|TAMS 0x0000000088200000, 0x0000000088200000|
| 105|0x0000000088300000, 0x0000000088400000, 0x0000000088400000|100%| E|CS|TS 27|AC  0|TAMS 0x0000000088300000, 0x0000000088300000|
| 106|0x0000000088400000, 0x0000000088500000, 0x0000000088500000|100%| E|CS|TS 27|AC  0|TAMS 0x0000000088400000, 0x0000000088400000|
| 107|0x0000000088500000, 0x0000000088600000, 0x0000000088600000|100%| E|CS|TS 27|AC  0|TAMS 0x0000000088500000, 0x0000000088500000|
| 108|0x0000000088600000, 0x0000000088700000, 0x0000000088700000|100%| E|CS|TS 27|AC  0|TAMS 0x0000000088600000, 0x0000000088600000|
| 109|0x0000000088700000, 0x0000000088800000, 0x0000000088800000|100%| E|CS|TS 27|AC  0|TAMS 0x0000000088700000, 0x0000000088700000|
| 110|0x0000000088800000, 0x0000000088900000, 0x0000000088900000|100%| E|CS|TS 27|AC  0|TAMS 0x0000000088800000, 0x0000000088800000|
| 111|0x0000000088900000, 0x0000000088a00000, 0x0000000088a00000|100%| E|CS|TS 27|AC  0|TAMS 0x0000000088900000, 0x0000000088900000|
| 112|0x0000000088a00000, 0x0000000088b00000, 0x0000000088b00000|100%| E|CS|TS 27|AC  0|TAMS 0x0000000088a00000, 0x0000000088a00000|
| 113|0x0000000088b00000, 0x0000000088c00000, 0x0000000088c00000|100%| E|CS|TS 27|AC  0|TAMS 0x0000000088b00000, 0x0000000088b00000|
| 114|0x0000000088c00000, 0x0000000088d00000, 0x0000000088d00000|100%| E|CS|TS 27|AC  0|TAMS 0x0000000088c00000, 0x0000000088c00000|
| 115|0x0000000088d00000, 0x0000000088e00000, 0x0000000088e00000|100%| E|CS|TS 27|AC  0|TAMS 0x0000000088d00000, 0x0000000088d00000|
| 116|0x0000000088e00000, 0x0000000088f00000, 0x0000000088f00000|100%| E|CS|TS 27|AC  0|TAMS 0x0000000088e00000, 0x0000000088e00000|
| 117|0x0000000088f00000, 0x0000000089000000, 0x0000000089000000|100%| E|CS|TS 27|AC  0|TAMS 0x0000000088f00000, 0x0000000088f00000|
| 118|0x0000000089000000, 0x0000000089100000, 0x0000000089100000|100%| E|CS|TS 27|AC  0|TAMS 0x0000000089000000, 0x0000000089000000|
| 119|0x0000000089100000, 0x0000000089200000, 0x0000000089200000|100%| E|CS|TS 27|AC  0|TAMS 0x0000000089100000, 0x0000000089100000|
| 120|0x0000000089200000, 0x0000000089300000, 0x0000000089300000|100%| E|CS|TS 27|AC  0|TAMS 0x0000000089200000, 0x0000000089200000|
| 121|0x0000000089300000, 0x0000000089400000, 0x0000000089400000|100%| E|CS|TS 27|AC  0|TAMS 0x0000000089300000, 0x0000000089300000|
| 122|0x0000000089400000, 0x0000000089500000, 0x0000000089500000|100%| E|CS|TS 27|AC  0|TAMS 0x0000000089400000, 0x0000000089400000|
| 123|0x0000000089500000, 0x0000000089600000, 0x0000000089600000|100%| E|CS|TS 27|AC  0|TAMS 0x0000000089500000, 0x0000000089500000|
| 124|0x0000000089600000, 0x0000000089700000, 0x0000000089700000|100%| E|CS|TS 27|AC  0|TAMS 0x0000000089600000, 0x0000000089600000|
| 125|0x0000000089700000, 0x0000000089800000, 0x0000000089800000|100%| E|CS|TS 27|AC  0|TAMS 0x0000000089700000, 0x0000000089700000|
| 126|0x0000000089800000, 0x0000000089900000, 0x0000000089900000|100%| E|CS|TS 27|AC  0|TAMS 0x0000000089800000, 0x0000000089800000|
| 127|0x0000000089900000, 0x0000000089a00000, 0x0000000089a00000|100%| E|CS|TS 27|AC  0|TAMS 0x0000000089900000, 0x0000000089900000|

Card table byte_map: [0x000001f69e7b0000,0x000001f69ebb0000] byte_map_base: 0x000001f69e3a3000

Marking Bits (Prev, Next): (CMBitMap*) 0x000001f68260ceb8, (CMBitMap*) 0x000001f68260ce80
 Prev Bits: [0x000001f6a0f50000, 0x000001f6a2ee8000)
 Next Bits: [0x000001f69efb0000, 0x000001f6a0f48000)

Polling page: 0x000001f683eb0000

CodeHeap 'non-profiled nmethods': size=238336Kb used=19519Kb max_used=19519Kb free=218816Kb
 bounds [0x000001f68ec80000, 0x000001f68ffa0000, 0x000001f69d540000]
CodeHeap 'non-nmethods': size=7424Kb used=3084Kb max_used=3084Kb free=4339Kb
 bounds [0x000001f68e540000, 0x000001f68e850000, 0x000001f68ec80000]
 total_blobs=12614 nmethods=11872 adapters=554
 compilation: enabled

Compilation events (10 events):
Event: 23057.775 Thread 0x000001f6a6278800 11960       1       com.mysql.cj.util.StringUtils::isNullOrEmpty (17 bytes)
Event: 23057.775 Thread 0x000001f6a6278800 nmethod 11960 0x000001f68ff8fa90 code [0x000001f68ff8fc40, 0x000001f68ff8fd78]
Event: 23057.778 Thread 0x000001f6a6278000 11961       1       java.net.SocketImpl::getFileDescriptor (5 bytes)
Event: 23057.778 Thread 0x000001f6a6283800 11962       1       java.net.SocketImpl::getSocket (5 bytes)
Event: 23057.778 Thread 0x000001f6a6278000 nmethod 11961 0x000001f68ff8fe10 code [0x000001f68ff8ffc0, 0x000001f68ff900d8]
Event: 23057.778 Thread 0x000001f6a6283800 nmethod 11962 0x000001f68ff90190 code [0x000001f68ff90340, 0x000001f68ff90458]
Event: 23057.780 Thread 0x000001f6a6288000 11963       1       java.net.Socket::isConnected (20 bytes)
Event: 23057.780 Thread 0x000001f6a6288000 nmethod 11963 0x000001f68ff90510 code [0x000001f68ff906c0, 0x000001f68ff907f8]
Event: 23465.797 Thread 0x000001f6a6278000 11965       1       org.springframework.util.ConcurrentReferenceHashMap$WeakEntryReference::getNext (5 bytes)
Event: 23465.798 Thread 0x000001f6a6278000 nmethod 11965 0x000001f68ff90d10 code [0x000001f68ff90ec0, 0x000001f68ff90fd8]

GC Heap History (10 events):
Event: 1015.735 GC heap before
{Heap before GC invocations=26 (full 0):
 garbage-first heap   total 131072K, used 109456K [0x0000000081a00000, 0x0000000081b00400, 0x0000000100000000)
  region size 1024K, 62 young (63488K), 5 survivors (5120K)
 Metaspace       used 63288K, capacity 68294K, committed 68608K, reserved 1107968K
  class space    used 8540K, capacity 9402K, committed 9472K, reserved 1048576K
}
Event: 1015.740 GC heap after
{Heap after GC invocations=27 (full 0):
 garbage-first heap   total 131072K, used 49726K [0x0000000081a00000, 0x0000000081b00400, 0x0000000100000000)
  region size 1024K, 3 young (3072K), 3 survivors (3072K)
 Metaspace       used 63288K, capacity 68294K, committed 68608K, reserved 1107968K
  class space    used 8540K, capacity 9402K, committed 9472K, reserved 1048576K
}
Event: 1369.717 GC heap before
{Heap before GC invocations=27 (full 0):
 garbage-first heap   total 131072K, used 109118K [0x0000000081a00000, 0x0000000081b00400, 0x0000000100000000)
  region size 1024K, 61 young (62464K), 3 survivors (3072K)
 Metaspace       used 63298K, capacity 68296K, committed 68608K, reserved 1107968K
  class space    used 8541K, capacity 9403K, committed 9472K, reserved 1048576K
}
Event: 1369.721 GC heap after
{Heap after GC invocations=28 (full 0):
 garbage-first heap   total 131072K, used 49384K [0x0000000081a00000, 0x0000000081b00400, 0x0000000100000000)
  region size 1024K, 3 young (3072K), 3 survivors (3072K)
 Metaspace       used 63298K, capacity 68296K, committed 68608K, reserved 1107968K
  class space    used 8541K, capacity 9403K, committed 9472K, reserved 1048576K
}
Event: 2853.596 GC heap before
{Heap before GC invocations=28 (full 0):
 garbage-first heap   total 131072K, used 109800K [0x0000000081a00000, 0x0000000081b00400, 0x0000000100000000)
  region size 1024K, 62 young (63488K), 3 survivors (3072K)
 Metaspace       used 63369K, capacity 68360K, committed 68608K, reserved 1107968K
  class space    used 8550K, capacity 9417K, committed 9472K, reserved 1048576K
}
Event: 2853.600 GC heap after
{Heap after GC invocations=29 (full 0):
 garbage-first heap   total 131072K, used 50055K [0x0000000081a00000, 0x0000000081b00400, 0x0000000100000000)
  region size 1024K, 3 young (3072K), 3 survivors (3072K)
 Metaspace       used 63369K, capacity 68360K, committed 68608K, reserved 1107968K
  class space    used 8550K, capacity 9417K, committed 9472K, reserved 1048576K
}
Event: 4495.308 GC heap before
{Heap before GC invocations=29 (full 0):
 garbage-first heap   total 131072K, used 111495K [0x0000000081a00000, 0x0000000081b00400, 0x0000000100000000)
  region size 1024K, 63 young (64512K), 3 survivors (3072K)
 Metaspace       used 63490K, capacity 68668K, committed 68864K, reserved 1107968K
  class space    used 8574K, capacity 9447K, committed 9472K, reserved 1048576K
}
Event: 4495.312 GC heap after
{Heap after GC invocations=30 (full 0):
 garbage-first heap   total 131072K, used 50114K [0x0000000081a00000, 0x0000000081b00400, 0x0000000100000000)
  region size 1024K, 3 young (3072K), 3 survivors (3072K)
 Metaspace       used 63490K, capacity 68668K, committed 68864K, reserved 1107968K
  class space    used 8574K, capacity 9447K, committed 9472K, reserved 1048576K
}
Event: 17825.273 GC heap before
{Heap before GC invocations=30 (full 0):
 garbage-first heap   total 131072K, used 111554K [0x0000000081a00000, 0x0000000081b00400, 0x0000000100000000)
  region size 1024K, 63 young (64512K), 3 survivors (3072K)
 Metaspace       used 63491K, capacity 68668K, committed 68864K, reserved 1107968K
  class space    used 8574K, capacity 9447K, committed 9472K, reserved 1048576K
}
Event: 17825.277 GC heap after
{Heap after GC invocations=31 (full 0):
 garbage-first heap   total 131072K, used 50272K [0x0000000081a00000, 0x0000000081b00400, 0x0000000100000000)
  region size 1024K, 3 young (3072K), 3 survivors (3072K)
 Metaspace       used 63491K, capacity 68668K, committed 68864K, reserved 1107968K
  class space    used 8574K, capacity 9447K, committed 9472K, reserved 1048576K
}

Deoptimization events (0 events):
No events

Classes redefined (0 events):
No events

Internal exceptions (10 events):
Event: 154.416 Thread 0x000001f6a6af2000 Exception <a 'java/lang/NoSuchMethodError'{0x0000000088234688}: method resolution failed> (0x0000000088234688) thrown at [t:/workspace/hotspot/src/share/vm/prims/methodHandles.cpp, line 1256]
Event: 154.419 Thread 0x000001f6a6af2000 Exception <a 'java/lang/NoSuchMethodError'{0x000000008825cc90}: method resolution failed> (0x000000008825cc90) thrown at [t:/workspace/hotspot/src/share/vm/prims/methodHandles.cpp, line 1256]
Event: 154.419 Thread 0x000001f6a6af2000 Exception <a 'java/lang/NoSuchMethodError'{0x0000000088262cc8}: java.lang.invoke.DirectMethodHandle$Holder.invokeStatic(Ljava/lang/Object;J)Ljava/lang/Object;> (0x0000000088262cc8) thrown at [t:/workspace/hotspot/src/share/vm/interpreter/linkResolver.cpp,
Event: 154.423 Thread 0x000001f6a6af2000 Exception <a 'java/lang/NoSuchMethodError'{0x0000000088297188}: java.lang.Object.of(Ljava/lang/String;)Lorg/springframework/hateoas/LinkRelation;> (0x0000000088297188) thrown at [t:/workspace/hotspot/src/share/vm/interpreter/linkResolver.cpp, line 731]
Event: 154.451 Thread 0x000001f6a6af2000 Exception <a 'java/lang/NoSuchMethodError'{0x00000000881d6b80}: java.lang.invoke.Invokers$Holder.invoke_MT(Ljava/lang/Object;Ljava/lang/Object;Ljava/lang/Object;)Ljava/lang/Object;> (0x00000000881d6b80) thrown at [t:/workspace/hotspot/src/share/vm/interpr
Event: 154.585 Thread 0x000001f6a6af2000 Exception <a 'java/lang/NoSuchMethodError'{0x000000008793b018}: java.lang.invoke.DirectMethodHandle$Holder.invokeStatic(Ljava/lang/Object;Ljava/lang/Object;Ljava/lang/Object;I)Ljava/lang/Object;> (0x000000008793b018) thrown at [t:/workspace/hotspot/src/sh
Event: 154.585 Thread 0x000001f6a6af2000 Exception <a 'java/lang/NoSuchMethodError'{0x000000008793ee68}: java.lang.invoke.DirectMethodHandle$Holder.invokeSpecial(Ljava/lang/Object;Ljava/lang/Object;Ljava/lang/Object;Ljava/lang/Object;I)Ljava/lang/Object;> (0x000000008793ee68) thrown at [t:/works
Event: 3331.826 Thread 0x000001f6aa72f800 Exception <a 'java/lang/ClassNotFoundException'{0x00000000886c50e8}: mipn/pls/cinema/entities/ProjectionProjCustomizer> (0x00000000886c50e8) thrown at [t:/workspace/hotspot/src/share/vm/classfile/systemDictionary.cpp, line 218]
Event: 3331.828 Thread 0x000001f6aa72f800 Exception <a 'java/lang/ClassNotFoundException'{0x00000000886d3788}: java/lang/ObjectCustomizer> (0x00000000886d3788) thrown at [t:/workspace/hotspot/src/share/vm/classfile/systemDictionary.cpp, line 218]
Event: 3331.830 Thread 0x000001f6aa72f800 Exception <a 'java/lang/ClassNotFoundException'{0x00000000886f0310}: mipn/pls/cinema/entities/ProjectionCustomizer> (0x00000000886f0310) thrown at [t:/workspace/hotspot/src/share/vm/classfile/systemDictionary.cpp, line 218]

Events (10 events):
Event: 23465.798 Executing VM operation: RevokeBias
Event: 23465.798 Executing VM operation: RevokeBias done
Event: 23465.798 Executing VM operation: RevokeBias
Event: 23465.798 Executing VM operation: RevokeBias done
Event: 23465.798 Executing VM operation: RevokeBias
Event: 23465.798 Executing VM operation: RevokeBias done
Event: 23465.798 Executing VM operation: RevokeBias
Event: 23465.798 Executing VM operation: RevokeBias done
Event: 23465.799 Executing VM operation: RevokeBias
Event: 23465.799 Executing VM operation: RevokeBias done


Dynamic libraries:
0x00007ff68b060000 - 0x00007ff68b09e000 	C:\Program Files\Java\jdk-9.0.1\bin\java.exe
0x00007ffc23fc0000 - 0x00007ffc241b0000 	C:\WINDOWS\SYSTEM32\ntdll.dll
0x00007ffc23930000 - 0x00007ffc239e2000 	C:\WINDOWS\System32\KERNEL32.DLL
0x00007ffc21aa0000 - 0x00007ffc21d43000 	C:\WINDOWS\System32\KERNELBASE.dll
0x00007ffc22e30000 - 0x00007ffc22ed3000 	C:\WINDOWS\System32\ADVAPI32.dll
0x00007ffc234b0000 - 0x00007ffc2354e000 	C:\WINDOWS\System32\msvcrt.dll
0x00007ffc23c50000 - 0x00007ffc23ce7000 	C:\WINDOWS\System32\sechost.dll
0x00007ffc232b0000 - 0x00007ffc233d0000 	C:\WINDOWS\System32\RPCRT4.dll
0x00007ffc22c90000 - 0x00007ffc22e24000 	C:\WINDOWS\System32\USER32.dll
0x00007ffc21f10000 - 0x00007ffc21f31000 	C:\WINDOWS\System32\win32u.dll
0x00007ffc22100000 - 0x00007ffc22126000 	C:\WINDOWS\System32\GDI32.dll
0x00007ffc21d70000 - 0x00007ffc21f04000 	C:\WINDOWS\System32\gdi32full.dll
0x00007ffc21120000 - 0x00007ffc211be000 	C:\WINDOWS\System32\msvcp_win.dll
0x00007ffc219a0000 - 0x00007ffc21a9a000 	C:\WINDOWS\System32\ucrtbase.dll
0x00007ffc170b0000 - 0x00007ffc17335000 	C:\WINDOWS\WinSxS\amd64_microsoft.windows.common-controls_6595b64144ccf1df_6.0.18362.720_none_e6beb5c51314836b\COMCTL32.dll
0x00007ffc11150000 - 0x00007ffc1115a000 	C:\WINDOWS\SYSTEM32\VERSION.dll
0x00007ffc22f40000 - 0x00007ffc23276000 	C:\WINDOWS\System32\combase.dll
0x00007ffc21f40000 - 0x00007ffc21fc0000 	C:\WINDOWS\System32\bcryptPrimitives.dll
0x00007ffc23b50000 - 0x00007ffc23b7e000 	C:\WINDOWS\System32\IMM32.DLL
0x00007ffc05f20000 - 0x00007ffc0600f000 	C:\Program Files\Java\jdk-9.0.1\bin\msvcr120.dll
0x00007ffc057d0000 - 0x00007ffc05876000 	C:\Program Files\Java\jdk-9.0.1\bin\msvcp120.dll
0x0000000070390000 - 0x0000000070db4000 	C:\Program Files\Java\jdk-9.0.1\bin\server\jvm.dll
0x00007ffc220f0000 - 0x00007ffc220f8000 	C:\WINDOWS\System32\PSAPI.DLL
0x00007ffbf56c0000 - 0x00007ffbf56c9000 	C:\WINDOWS\SYSTEM32\WSOCK32.dll
0x00007ffc1ef20000 - 0x00007ffc1ef44000 	C:\WINDOWS\SYSTEM32\WINMM.dll
0x00007ffc23440000 - 0x00007ffc234af000 	C:\WINDOWS\System32\WS2_32.dll
0x00007ffc1eef0000 - 0x00007ffc1ef1d000 	C:\WINDOWS\SYSTEM32\winmmbase.dll
0x00007ffc20f50000 - 0x00007ffc20f9a000 	C:\WINDOWS\System32\cfgmgr32.dll
0x00007ffc12380000 - 0x00007ffc1238f000 	C:\Program Files\Java\jdk-9.0.1\bin\verify.dll
0x00007ffc077d0000 - 0x00007ffc077f7000 	C:\Program Files\Java\jdk-9.0.1\bin\java.dll
0x00007ffc05c00000 - 0x00007ffc05c2a000 	C:\Program Files\Java\jdk-9.0.1\bin\instrument.dll
0x00007ffc0c1f0000 - 0x00007ffc0c206000 	C:\Program Files\Java\jdk-9.0.1\bin\zip.dll
0x00007ffc12350000 - 0x00007ffc1235a000 	C:\Program Files\Java\jdk-9.0.1\bin\jimage.dll
0x00007ffc225a0000 - 0x00007ffc22c85000 	C:\WINDOWS\System32\SHELL32.dll
0x00007ffc23aa0000 - 0x00007ffc23b49000 	C:\WINDOWS\System32\shcore.dll
0x00007ffc211c0000 - 0x00007ffc21940000 	C:\WINDOWS\System32\windows.storage.dll
0x00007ffc20f20000 - 0x00007ffc20f43000 	C:\WINDOWS\System32\profapi.dll
0x00007ffc20e90000 - 0x00007ffc20eda000 	C:\WINDOWS\System32\powrprof.dll
0x00007ffc20e80000 - 0x00007ffc20e90000 	C:\WINDOWS\System32\UMPDC.dll
0x00007ffc23bf0000 - 0x00007ffc23c42000 	C:\WINDOWS\System32\shlwapi.dll
0x00007ffc20ee0000 - 0x00007ffc20ef1000 	C:\WINDOWS\System32\kernel.appcore.dll
0x00007ffc21d50000 - 0x00007ffc21d67000 	C:\WINDOWS\System32\cryptsp.dll
0x00007ffc077b0000 - 0x00007ffc077ca000 	C:\Program Files\Java\jdk-9.0.1\bin\net.dll
0x00007ffc17430000 - 0x00007ffc17521000 	C:\WINDOWS\SYSTEM32\WINHTTP.dll
0x00007ffc206f0000 - 0x00007ffc20757000 	C:\WINDOWS\system32\mswsock.dll
0x00007ffc07790000 - 0x00007ffc077a1000 	C:\Program Files\Java\jdk-9.0.1\bin\nio.dll
0x00007ffc05bd0000 - 0x00007ffc05bea000 	C:\Program Files\JetBrains\IntelliJ IDEA 2019.3.4\bin\breakgen64.dll
0x00007ffc20440000 - 0x00007ffc2050a000 	C:\WINDOWS\SYSTEM32\DNSAPI.dll
0x00007ffc233d0000 - 0x00007ffc233d8000 	C:\WINDOWS\System32\NSI.dll
0x00007ffc20400000 - 0x00007ffc2043a000 	C:\WINDOWS\SYSTEM32\IPHLPAPI.DLL
0x00007ffc1b1f0000 - 0x00007ffc1b1fa000 	C:\Windows\System32\rasadhlp.dll
0x00007ffc18380000 - 0x00007ffc183f7000 	C:\WINDOWS\System32\fwpuclnt.dll
0x00007ffc210f0000 - 0x00007ffc21116000 	C:\WINDOWS\System32\bcrypt.dll
0x00007ffc11ef0000 - 0x00007ffc11ef9000 	C:\Program Files\Java\jdk-9.0.1\bin\management.dll
0x00007ffc10bf0000 - 0x00007ffc10bfa000 	C:\Program Files\Java\jdk-9.0.1\bin\management_ext.dll
0x00007ffc20260000 - 0x00007ffc20293000 	C:\WINDOWS\system32\rsaenh.dll
0x00007ffc20da0000 - 0x00007ffc20dc5000 	C:\WINDOWS\SYSTEM32\USERENV.dll
0x00007ffc208c0000 - 0x00007ffc208cc000 	C:\WINDOWS\SYSTEM32\CRYPTBASE.dll
0x00007ffc189d0000 - 0x00007ffc189e6000 	C:\WINDOWS\SYSTEM32\dhcpcsvc6.DLL
0x00007ffc187d0000 - 0x00007ffc187ec000 	C:\WINDOWS\SYSTEM32\dhcpcsvc.DLL
0x00007ffc07bb0000 - 0x00007ffc07bc6000 	C:\WINDOWS\system32\napinsp.dll
0x00007ffc01a50000 - 0x00007ffc01a6a000 	C:\WINDOWS\system32\pnrpnsp.dll
0x00007ffc16ed0000 - 0x00007ffc16ede000 	C:\WINDOWS\System32\winrnr.dll
0x00007ffc199e0000 - 0x00007ffc199fc000 	C:\WINDOWS\system32\NLAapi.dll
0x00007ffc1c560000 - 0x00007ffc1c575000 	C:\WINDOWS\system32\wshbth.dll
0x00007ffc131a0000 - 0x00007ffc13394000 	C:\WINDOWS\SYSTEM32\dbghelp.dll

VM Arguments:
jvm_args: -XX:TieredStopAtLevel=1 -Xverify:none -Dspring.output.ansi.enabled=always -Dcom.sun.management.jmxremote -Dspring.jmx.enabled=true -Dspring.liveBeansView.mbeanDomain -Dspring.application.admin.enabled=true -javaagent:C:\Program Files\JetBrains\IntelliJ IDEA 2019.3.4\lib\idea_rt.jar=3353:C:\Program Files\JetBrains\IntelliJ IDEA 2019.3.4\bin -Dfile.encoding=UTF-8 
java_command: mipn.pls.cinema.CinemaApplication
java_class_path (initial): C:\Users\pc 1\IdeaProjects\cinema\target\classes;C:\Users\pc 1\.m2\repository\org\springframework\boot\spring-boot-starter-data-jpa\2.2.5.RELEASE\spring-boot-starter-data-jpa-2.2.5.RELEASE.jar;C:\Users\pc 1\.m2\repository\org\springframework\boot\spring-boot-starter-aop\2.2.5.RELEASE\spring-boot-starter-aop-2.2.5.RELEASE.jar;C:\Users\pc 1\.m2\repository\org\springframework\spring-aop\5.2.4.RELEASE\spring-aop-5.2.4.RELEASE.jar;C:\Users\pc 1\.m2\repository\org\aspectj\aspectjweaver\1.9.5\aspectjweaver-1.9.5.jar;C:\Users\pc 1\.m2\repository\org\springframework\boot\spring-boot-starter-jdbc\2.2.5.RELEASE\spring-boot-starter-jdbc-2.2.5.RELEASE.jar;C:\Users\pc 1\.m2\repository\com\zaxxer\HikariCP\3.4.2\HikariCP-3.4.2.jar;C:\Users\pc 1\.m2\repository\org\springframework\spring-jdbc\5.2.4.RELEASE\spring-jdbc-5.2.4.RELEASE.jar;C:\Users\pc 1\.m2\repository\jakarta\activation\jakarta.activation-api\1.2.2\jakarta.activation-api-1.2.2.jar;C:\Users\pc 1\.m2\repository\jakarta\persistence\jakarta.persistence-api\2.2.3\jakarta.persistence-api-2.2.3.jar;C:\Users\pc 1\.m2\repository\jakarta\transaction\jakarta.transaction-api\1.3.3\jakarta.transaction-api-1.3.3.jar;C:\Users\pc 1\.m2\repository\org\hibernate\hibernate-core\5.4.12.Final\hibernate-core-5.4.12.Final.jar;C:\Users\pc 1\.m2\repository\org\jboss\logging\jboss-logging\3.4.1.Final\jboss-logging-3.4.1.Final.jar;C:\Users\pc 1\.m2\repository\org\javassist\javassist\3.24.0-GA\javassist-3.24.0-GA.jar;C:\Users\pc 1\.m2\repository\net\bytebuddy\byte-buddy\1.10.8\byte-buddy-1.10.8.jar;C:\Users\pc 1\.m2\repository\antlr\antlr\2.7.7\antlr-2.7.7.jar;C:\Users\pc 1\.m2\repository\org\jboss\jandex\2.1.1.Final\jandex-2.1.1.Final.jar;C:\Users\pc 1\.m2\repository\com\fasterxml\classmate\1.5.1\classmate-1.5.1.jar;C:\Users\pc 1\.m2\repository\org\dom4j\dom4j\2.1.1\dom4j-2.1.1.jar;C:\Users\pc 1\.m2\repository\org\hibernate\common\hibernate-commons-annotations\5.1.0.Final\hibernate-commons-annotations-5.1.0.Final.jar;C
Launcher Type: SUN_STANDARD

Logging:
Log output configuration:
#0: stdout all=warning uptime,level,tags
#1: stderr all=off uptime,level,tags

Environment Variables:
JAVA_HOME=C:\Program Files\Java\jdk-9.0.1
PATH=c:\program files\java\jdk-9.0.1\bin;c:\programdata\oracle\java\javapath;c:\program files (x86)\intel\icls client\;c:\program files\intel\icls client\;c:\windows\system32;c:\windows;c:\windows\system32\wbem;c:\windows\system32\windowspowershell\v1.0\;c:\program files\intel\intel(r) management engine components\dal;c:\program files (x86)\intel\intel(r) management engine components\dal;c:\program files\intel\intel(r) management engine components\ipt;c:\program files (x86)\intel\intel(r) management engine components\ipt;C:\Program Files (x86)\NVIDIA Corporation\PhysX\Common;C:\Program Files (x86)\sbt\bin;C:\Program Files (x86)\scala\bin;C:\Program Files\nodejs\;C:\ProgramData\chocolatey\bin;C:\Program Files\Maven\apache-maven-3.6.2\bin;C:\WINDOWS\system32;C:\WINDOWS;C:\WINDOWS\System32\Wbem;C:\WINDOWS\System32\WindowsPowerShell\v1.0\;C:\WINDOWS\System32\OpenSSH\;C:\Program Files\Git\cmd;C:\Users\pc 1\AppData\Roaming\npm;C:\Users\pc 1\AppData\Local\Microsoft\WindowsApps;;C:\Program Files\JetBrains\WebStorm 2019.3\bin;;C:\Program Files\JetBrains\IntelliJ IDEA 2019.3.4\bin;
USERNAME=pc 1
OS=Windows_NT
PROCESSOR_IDENTIFIER=Intel64 Family 6 Model 60 Stepping 3, GenuineIntel



---------------  S Y S T E M  ---------------

OS: Windows 10 , 64 bit Build 18362 (10.0.18362.329)

CPU:total 8 (initial active 8) (4 cores per cpu, 2 threads per core) family 6 model 60 stepping 3, cmov, cx8, fxsr, mmx, sse, sse2, sse3, ssse3, sse4.1, sse4.2, popcnt, avx, avx2, aes, clmul, erms, lzcnt, ht, tsc, tscinvbit, bmi1, bmi2, fma

Memory: 4k page, physical 8274908k(1462072k free), swap 12469212k(3228892k free)

vm_info: Java HotSpot(TM) 64-Bit Server VM (9.0.1+11) for windows-amd64 JRE (9.0.1+11), built on Sep 28 2017 04:54:03 by "mach5one" with MS VC++ 12.0 (VS2013)

END.
